The target system is: Android - 1 - i686
The host system is: Linux - 6.8.0-31-generic - x86_64
Compiling the C compiler identification source file "CMakeCCompilerId.c" succeeded.
Compiler: /home/vss_admin/Android/Sdk/ndk/25.1.8937393/toolchains/llvm/prebuilt/linux-x86_64/bin/clang 
Build flags: -g;-DANDROID;-fdata-sections;-ffunction-sections;-funwind-tables;-fstack-protector-strong;-no-canonical-prefixes;-mstackrealign;-D_FORTIFY_SOURCE=2;-Wformat;-Werror=format-security;
Id flags: -c;--target=i686-none-linux-android23 

The output was:
0


Compilation of the C compiler identification source "CMakeCCompilerId.c" produced "CMakeCCompilerId.o"

The C compiler identification is Clang, found in "/home/vss_admin/Projects/rpo_2024/libs/mbedtls/build/x86/CMakeFiles/3.22.1-g37088a8/CompilerIdC/CMakeCCompilerId.o"

Detecting C compiler ABI info compiled with the following output:
Change Dir: /home/vss_admin/Projects/rpo_2024/libs/mbedtls/build/x86/CMakeFiles/CMakeTmp

Run Build Command(s):/usr/bin/gmake -f Makefile cmTC_1d704/fast && /usr/bin/gmake  -f CMakeFiles/cmTC_1d704.dir/build.make CMakeFiles/cmTC_1d704.dir/build
gmake[1]: Entering directory '/home/vss_admin/Projects/rpo_2024/libs/mbedtls/build/x86/CMakeFiles/CMakeTmp'
Building C object CMakeFiles/cmTC_1d704.dir/CMakeCCompilerABI.c.o
/home/vss_admin/Android/Sdk/ndk/25.1.8937393/toolchains/llvm/prebuilt/linux-x86_64/bin/clang --target=i686-none-linux-android23 --sysroot=/home/vss_admin/Android/Sdk/ndk/25.1.8937393/toolchains/llvm/prebuilt/linux-x86_64/sysroot   -g -DANDROID -fdata-sections -ffunction-sections -funwind-tables -fstack-protector-strong -no-canonical-prefixes -mstackrealign -D_FORTIFY_SOURCE=2 -Wformat   -fPIE   -v -MD -MT CMakeFiles/cmTC_1d704.dir/CMakeCCompilerABI.c.o -MF CMakeFiles/cmTC_1d704.dir/CMakeCCompilerABI.c.o.d -o CMakeFiles/cmTC_1d704.dir/CMakeCCompilerABI.c.o -c /home/vss_admin/Android/Sdk/cmake/3.22.1/share/cmake-3.22/Modules/CMakeCCompilerABI.c
Android (8490178, based on r450784d) clang version 14.0.6 (https://android.googlesource.com/toolchain/llvm-project 4c603efb0cca074e9238af8b4106c30add4418f6)
Target: i686-none-linux-android23
Thread model: posix
InstalledDir: /home/vss_admin/Android/Sdk/ndk/25.1.8937393/toolchains/llvm/prebuilt/linux-x86_64/bin
 (in-process)
 "/home/vss_admin/Android/Sdk/ndk/25.1.8937393/toolchains/llvm/prebuilt/linux-x86_64/bin/clang" -cc1 -triple i686-none-linux-android23 -emit-obj -mrelax-all --mrelax-relocations -disable-free -clear-ast-before-backend -disable-llvm-verifier -discard-value-names -main-file-name CMakeCCompilerABI.c -mrelocation-model pic -pic-level 2 -pic-is-pie -mframe-pointer=all -ffp-contract=on -fno-rounding-math -mconstructor-aliases -funwind-tables=2 -target-cpu i686 -target-feature +ssse3 -tune-cpu generic -mllvm -treat-scalable-fixed-error-as-warning -debug-info-kind=constructor -dwarf-version=4 -debugger-tuning=gdb -v -ffunction-sections -fdata-sections -fcoverage-compilation-dir=/home/vss_admin/Projects/rpo_2024/libs/mbedtls/build/x86/CMakeFiles/CMakeTmp -resource-dir /home/vss_admin/Android/Sdk/ndk/25.1.8937393/toolchains/llvm/prebuilt/linux-x86_64/lib64/clang/14.0.6 -dependency-file CMakeFiles/cmTC_1d704.dir/CMakeCCompilerABI.c.o.d -MT CMakeFiles/cmTC_1d704.dir/CMakeCCompilerABI.c.o -sys-header-deps -D ANDROID -D _FORTIFY_SOURCE=2 -isysroot /home/vss_admin/Android/Sdk/ndk/25.1.8937393/toolchains/llvm/prebuilt/linux-x86_64/sysroot -internal-isystem /home/vss_admin/Android/Sdk/ndk/25.1.8937393/toolchains/llvm/prebuilt/linux-x86_64/lib64/clang/14.0.6/include -internal-isystem /home/vss_admin/Android/Sdk/ndk/25.1.8937393/toolchains/llvm/prebuilt/linux-x86_64/sysroot/usr/local/include -internal-externc-isystem /home/vss_admin/Android/Sdk/ndk/25.1.8937393/toolchains/llvm/prebuilt/linux-x86_64/sysroot/usr/include/i686-linux-android -internal-externc-isystem /home/vss_admin/Android/Sdk/ndk/25.1.8937393/toolchains/llvm/prebuilt/linux-x86_64/sysroot/include -internal-externc-isystem /home/vss_admin/Android/Sdk/ndk/25.1.8937393/toolchains/llvm/prebuilt/linux-x86_64/sysroot/usr/include -Wformat -fdebug-compilation-dir=/home/vss_admin/Projects/rpo_2024/libs/mbedtls/build/x86/CMakeFiles/CMakeTmp -ferror-limit 19 -stack-protector 2 -mstackrealign -fgnuc-version=4.2.1 -D__GCC_HAVE_DWARF2_CFI_ASM=1 -o CMakeFiles/cmTC_1d704.dir/CMakeCCompilerABI.c.o -x c /home/vss_admin/Android/Sdk/cmake/3.22.1/share/cmake-3.22/Modules/CMakeCCompilerABI.c
clang -cc1 version 14.0.6 based upon LLVM 14.0.6git default target x86_64-unknown-linux-gnu
ignoring nonexistent directory "/home/vss_admin/Android/Sdk/ndk/25.1.8937393/toolchains/llvm/prebuilt/linux-x86_64/sysroot/include"
#include "..." search starts here:
#include <...> search starts here:
 /home/vss_admin/Android/Sdk/ndk/25.1.8937393/toolchains/llvm/prebuilt/linux-x86_64/lib64/clang/14.0.6/include
 /home/vss_admin/Android/Sdk/ndk/25.1.8937393/toolchains/llvm/prebuilt/linux-x86_64/sysroot/usr/local/include
 /home/vss_admin/Android/Sdk/ndk/25.1.8937393/toolchains/llvm/prebuilt/linux-x86_64/sysroot/usr/include/i686-linux-android
 /home/vss_admin/Android/Sdk/ndk/25.1.8937393/toolchains/llvm/prebuilt/linux-x86_64/sysroot/usr/include
End of search list.
Linking C executable cmTC_1d704
/home/vss_admin/Android/Sdk/cmake/3.22.1/bin/cmake -E cmake_link_script CMakeFiles/cmTC_1d704.dir/link.txt --verbose=1
/home/vss_admin/Android/Sdk/ndk/25.1.8937393/toolchains/llvm/prebuilt/linux-x86_64/bin/clang --target=i686-none-linux-android23 --sysroot=/home/vss_admin/Android/Sdk/ndk/25.1.8937393/toolchains/llvm/prebuilt/linux-x86_64/sysroot -g -DANDROID -fdata-sections -ffunction-sections -funwind-tables -fstack-protector-strong -no-canonical-prefixes -mstackrealign -D_FORTIFY_SOURCE=2 -Wformat   -static-libstdc++ -Wl,--build-id=sha1 -Wl,--no-rosegment -Wl,--fatal-warnings -Wl,--gc-sections -Wl,--no-undefined -Qunused-arguments -Wl,--gc-sections  -v CMakeFiles/cmTC_1d704.dir/CMakeCCompilerABI.c.o -o cmTC_1d704 
Android (8490178, based on r450784d) clang version 14.0.6 (https://android.googlesource.com/toolchain/llvm-project 4c603efb0cca074e9238af8b4106c30add4418f6)
Target: i686-none-linux-android23
Thread model: posix
InstalledDir: /home/vss_admin/Android/Sdk/ndk/25.1.8937393/toolchains/llvm/prebuilt/linux-x86_64/bin
 "/home/vss_admin/Android/Sdk/ndk/25.1.8937393/toolchains/llvm/prebuilt/linux-x86_64/bin/ld" --sysroot=/home/vss_admin/Android/Sdk/ndk/25.1.8937393/toolchains/llvm/prebuilt/linux-x86_64/sysroot -pie --warn-shared-textrel -z now -z relro --hash-style=gnu --enable-new-dtags --eh-frame-hdr -m elf_i386 -dynamic-linker /system/bin/linker -o cmTC_1d704 /home/vss_admin/Android/Sdk/ndk/25.1.8937393/toolchains/llvm/prebuilt/linux-x86_64/sysroot/usr/lib/i686-linux-android/23/crtbegin_dynamic.o -L/home/vss_admin/Android/Sdk/ndk/25.1.8937393/toolchains/llvm/prebuilt/linux-x86_64/lib64/clang/14.0.6/lib/linux/i386 -L/home/vss_admin/Android/Sdk/ndk/25.1.8937393/toolchains/llvm/prebuilt/linux-x86_64/sysroot/usr/lib/i686-linux-android/23 -L/home/vss_admin/Android/Sdk/ndk/25.1.8937393/toolchains/llvm/prebuilt/linux-x86_64/sysroot/usr/lib/i686-linux-android -L/home/vss_admin/Android/Sdk/ndk/25.1.8937393/toolchains/llvm/prebuilt/linux-x86_64/sysroot/usr/lib --build-id=sha1 --no-rosegment --fatal-warnings --gc-sections --no-undefined --gc-sections CMakeFiles/cmTC_1d704.dir/CMakeCCompilerABI.c.o /home/vss_admin/Android/Sdk/ndk/25.1.8937393/toolchains/llvm/prebuilt/linux-x86_64/lib64/clang/14.0.6/lib/linux/libclang_rt.builtins-i686-android.a -l:libunwind.a -ldl -lc /home/vss_admin/Android/Sdk/ndk/25.1.8937393/toolchains/llvm/prebuilt/linux-x86_64/lib64/clang/14.0.6/lib/linux/libclang_rt.builtins-i686-android.a -l:libunwind.a -ldl /home/vss_admin/Android/Sdk/ndk/25.1.8937393/toolchains/llvm/prebuilt/linux-x86_64/sysroot/usr/lib/i686-linux-android/23/crtend_android.o
gmake[1]: Leaving directory '/home/vss_admin/Projects/rpo_2024/libs/mbedtls/build/x86/CMakeFiles/CMakeTmp'



Parsed C implicit include dir info from above output: rv=done
  found start of include info
  found start of implicit include info
    add: [/home/vss_admin/Android/Sdk/ndk/25.1.8937393/toolchains/llvm/prebuilt/linux-x86_64/lib64/clang/14.0.6/include]
    add: [/home/vss_admin/Android/Sdk/ndk/25.1.8937393/toolchains/llvm/prebuilt/linux-x86_64/sysroot/usr/local/include]
    add: [/home/vss_admin/Android/Sdk/ndk/25.1.8937393/toolchains/llvm/prebuilt/linux-x86_64/sysroot/usr/include/i686-linux-android]
    add: [/home/vss_admin/Android/Sdk/ndk/25.1.8937393/toolchains/llvm/prebuilt/linux-x86_64/sysroot/usr/include]
  end of search list found
  collapse include dir [/home/vss_admin/Android/Sdk/ndk/25.1.8937393/toolchains/llvm/prebuilt/linux-x86_64/lib64/clang/14.0.6/include] ==> [/home/vss_admin/Android/Sdk/ndk/25.1.8937393/toolchains/llvm/prebuilt/linux-x86_64/lib64/clang/14.0.6/include]
  collapse include dir [/home/vss_admin/Android/Sdk/ndk/25.1.8937393/toolchains/llvm/prebuilt/linux-x86_64/sysroot/usr/local/include] ==> [/home/vss_admin/Android/Sdk/ndk/25.1.8937393/toolchains/llvm/prebuilt/linux-x86_64/sysroot/usr/local/include]
  collapse include dir [/home/vss_admin/Android/Sdk/ndk/25.1.8937393/toolchains/llvm/prebuilt/linux-x86_64/sysroot/usr/include/i686-linux-android] ==> [/home/vss_admin/Android/Sdk/ndk/25.1.8937393/toolchains/llvm/prebuilt/linux-x86_64/sysroot/usr/include/i686-linux-android]
  collapse include dir [/home/vss_admin/Android/Sdk/ndk/25.1.8937393/toolchains/llvm/prebuilt/linux-x86_64/sysroot/usr/include] ==> [/home/vss_admin/Android/Sdk/ndk/25.1.8937393/toolchains/llvm/prebuilt/linux-x86_64/sysroot/usr/include]
  implicit include dirs: [/home/vss_admin/Android/Sdk/ndk/25.1.8937393/toolchains/llvm/prebuilt/linux-x86_64/lib64/clang/14.0.6/include;/home/vss_admin/Android/Sdk/ndk/25.1.8937393/toolchains/llvm/prebuilt/linux-x86_64/sysroot/usr/local/include;/home/vss_admin/Android/Sdk/ndk/25.1.8937393/toolchains/llvm/prebuilt/linux-x86_64/sysroot/usr/include/i686-linux-android;/home/vss_admin/Android/Sdk/ndk/25.1.8937393/toolchains/llvm/prebuilt/linux-x86_64/sysroot/usr/include]


Parsed C implicit link information from above output:
  link line regex: [^( *|.*[/\])(ld\.lld|CMAKE_LINK_STARTFILE-NOTFOUND|([^/\]+-)?ld|collect2)[^/\]*( |$)]
  ignore line: [Change Dir: /home/vss_admin/Projects/rpo_2024/libs/mbedtls/build/x86/CMakeFiles/CMakeTmp]
  ignore line: []
  ignore line: [Run Build Command(s):/usr/bin/gmake -f Makefile cmTC_1d704/fast && /usr/bin/gmake  -f CMakeFiles/cmTC_1d704.dir/build.make CMakeFiles/cmTC_1d704.dir/build]
  ignore line: [gmake[1]: Entering directory '/home/vss_admin/Projects/rpo_2024/libs/mbedtls/build/x86/CMakeFiles/CMakeTmp']
  ignore line: [Building C object CMakeFiles/cmTC_1d704.dir/CMakeCCompilerABI.c.o]
  ignore line: [/home/vss_admin/Android/Sdk/ndk/25.1.8937393/toolchains/llvm/prebuilt/linux-x86_64/bin/clang --target=i686-none-linux-android23 --sysroot=/home/vss_admin/Android/Sdk/ndk/25.1.8937393/toolchains/llvm/prebuilt/linux-x86_64/sysroot   -g -DANDROID -fdata-sections -ffunction-sections -funwind-tables -fstack-protector-strong -no-canonical-prefixes -mstackrealign -D_FORTIFY_SOURCE=2 -Wformat   -fPIE   -v -MD -MT CMakeFiles/cmTC_1d704.dir/CMakeCCompilerABI.c.o -MF CMakeFiles/cmTC_1d704.dir/CMakeCCompilerABI.c.o.d -o CMakeFiles/cmTC_1d704.dir/CMakeCCompilerABI.c.o -c /home/vss_admin/Android/Sdk/cmake/3.22.1/share/cmake-3.22/Modules/CMakeCCompilerABI.c]
  ignore line: [Android (8490178  based on r450784d) clang version 14.0.6 (https://android.googlesource.com/toolchain/llvm-project 4c603efb0cca074e9238af8b4106c30add4418f6)]
  ignore line: [Target: i686-none-linux-android23]
  ignore line: [Thread model: posix]
  ignore line: [InstalledDir: /home/vss_admin/Android/Sdk/ndk/25.1.8937393/toolchains/llvm/prebuilt/linux-x86_64/bin]
  ignore line: [ (in-process)]
  ignore line: [ "/home/vss_admin/Android/Sdk/ndk/25.1.8937393/toolchains/llvm/prebuilt/linux-x86_64/bin/clang" -cc1 -triple i686-none-linux-android23 -emit-obj -mrelax-all --mrelax-relocations -disable-free -clear-ast-before-backend -disable-llvm-verifier -discard-value-names -main-file-name CMakeCCompilerABI.c -mrelocation-model pic -pic-level 2 -pic-is-pie -mframe-pointer=all -ffp-contract=on -fno-rounding-math -mconstructor-aliases -funwind-tables=2 -target-cpu i686 -target-feature +ssse3 -tune-cpu generic -mllvm -treat-scalable-fixed-error-as-warning -debug-info-kind=constructor -dwarf-version=4 -debugger-tuning=gdb -v -ffunction-sections -fdata-sections -fcoverage-compilation-dir=/home/vss_admin/Projects/rpo_2024/libs/mbedtls/build/x86/CMakeFiles/CMakeTmp -resource-dir /home/vss_admin/Android/Sdk/ndk/25.1.8937393/toolchains/llvm/prebuilt/linux-x86_64/lib64/clang/14.0.6 -dependency-file CMakeFiles/cmTC_1d704.dir/CMakeCCompilerABI.c.o.d -MT CMakeFiles/cmTC_1d704.dir/CMakeCCompilerABI.c.o -sys-header-deps -D ANDROID -D _FORTIFY_SOURCE=2 -isysroot /home/vss_admin/Android/Sdk/ndk/25.1.8937393/toolchains/llvm/prebuilt/linux-x86_64/sysroot -internal-isystem /home/vss_admin/Android/Sdk/ndk/25.1.8937393/toolchains/llvm/prebuilt/linux-x86_64/lib64/clang/14.0.6/include -internal-isystem /home/vss_admin/Android/Sdk/ndk/25.1.8937393/toolchains/llvm/prebuilt/linux-x86_64/sysroot/usr/local/include -internal-externc-isystem /home/vss_admin/Android/Sdk/ndk/25.1.8937393/toolchains/llvm/prebuilt/linux-x86_64/sysroot/usr/include/i686-linux-android -internal-externc-isystem /home/vss_admin/Android/Sdk/ndk/25.1.8937393/toolchains/llvm/prebuilt/linux-x86_64/sysroot/include -internal-externc-isystem /home/vss_admin/Android/Sdk/ndk/25.1.8937393/toolchains/llvm/prebuilt/linux-x86_64/sysroot/usr/include -Wformat -fdebug-compilation-dir=/home/vss_admin/Projects/rpo_2024/libs/mbedtls/build/x86/CMakeFiles/CMakeTmp -ferror-limit 19 -stack-protector 2 -mstackrealign -fgnuc-version=4.2.1 -D__GCC_HAVE_DWARF2_CFI_ASM=1 -o CMakeFiles/cmTC_1d704.dir/CMakeCCompilerABI.c.o -x c /home/vss_admin/Android/Sdk/cmake/3.22.1/share/cmake-3.22/Modules/CMakeCCompilerABI.c]
  ignore line: [clang -cc1 version 14.0.6 based upon LLVM 14.0.6git default target x86_64-unknown-linux-gnu]
  ignore line: [ignoring nonexistent directory "/home/vss_admin/Android/Sdk/ndk/25.1.8937393/toolchains/llvm/prebuilt/linux-x86_64/sysroot/include"]
  ignore line: [#include "..." search starts here:]
  ignore line: [#include <...> search starts here:]
  ignore line: [ /home/vss_admin/Android/Sdk/ndk/25.1.8937393/toolchains/llvm/prebuilt/linux-x86_64/lib64/clang/14.0.6/include]
  ignore line: [ /home/vss_admin/Android/Sdk/ndk/25.1.8937393/toolchains/llvm/prebuilt/linux-x86_64/sysroot/usr/local/include]
  ignore line: [ /home/vss_admin/Android/Sdk/ndk/25.1.8937393/toolchains/llvm/prebuilt/linux-x86_64/sysroot/usr/include/i686-linux-android]
  ignore line: [ /home/vss_admin/Android/Sdk/ndk/25.1.8937393/toolchains/llvm/prebuilt/linux-x86_64/sysroot/usr/include]
  ignore line: [End of search list.]
  ignore line: [Linking C executable cmTC_1d704]
  ignore line: [/home/vss_admin/Android/Sdk/cmake/3.22.1/bin/cmake -E cmake_link_script CMakeFiles/cmTC_1d704.dir/link.txt --verbose=1]
  ignore line: [/home/vss_admin/Android/Sdk/ndk/25.1.8937393/toolchains/llvm/prebuilt/linux-x86_64/bin/clang --target=i686-none-linux-android23 --sysroot=/home/vss_admin/Android/Sdk/ndk/25.1.8937393/toolchains/llvm/prebuilt/linux-x86_64/sysroot -g -DANDROID -fdata-sections -ffunction-sections -funwind-tables -fstack-protector-strong -no-canonical-prefixes -mstackrealign -D_FORTIFY_SOURCE=2 -Wformat   -static-libstdc++ -Wl --build-id=sha1 -Wl --no-rosegment -Wl --fatal-warnings -Wl --gc-sections -Wl --no-undefined -Qunused-arguments -Wl --gc-sections  -v CMakeFiles/cmTC_1d704.dir/CMakeCCompilerABI.c.o -o cmTC_1d704 ]
  ignore line: [Android (8490178  based on r450784d) clang version 14.0.6 (https://android.googlesource.com/toolchain/llvm-project 4c603efb0cca074e9238af8b4106c30add4418f6)]
  ignore line: [Target: i686-none-linux-android23]
  ignore line: [Thread model: posix]
  ignore line: [InstalledDir: /home/vss_admin/Android/Sdk/ndk/25.1.8937393/toolchains/llvm/prebuilt/linux-x86_64/bin]
  link line: [ "/home/vss_admin/Android/Sdk/ndk/25.1.8937393/toolchains/llvm/prebuilt/linux-x86_64/bin/ld" --sysroot=/home/vss_admin/Android/Sdk/ndk/25.1.8937393/toolchains/llvm/prebuilt/linux-x86_64/sysroot -pie --warn-shared-textrel -z now -z relro --hash-style=gnu --enable-new-dtags --eh-frame-hdr -m elf_i386 -dynamic-linker /system/bin/linker -o cmTC_1d704 /home/vss_admin/Android/Sdk/ndk/25.1.8937393/toolchains/llvm/prebuilt/linux-x86_64/sysroot/usr/lib/i686-linux-android/23/crtbegin_dynamic.o -L/home/vss_admin/Android/Sdk/ndk/25.1.8937393/toolchains/llvm/prebuilt/linux-x86_64/lib64/clang/14.0.6/lib/linux/i386 -L/home/vss_admin/Android/Sdk/ndk/25.1.8937393/toolchains/llvm/prebuilt/linux-x86_64/sysroot/usr/lib/i686-linux-android/23 -L/home/vss_admin/Android/Sdk/ndk/25.1.8937393/toolchains/llvm/prebuilt/linux-x86_64/sysroot/usr/lib/i686-linux-android -L/home/vss_admin/Android/Sdk/ndk/25.1.8937393/toolchains/llvm/prebuilt/linux-x86_64/sysroot/usr/lib --build-id=sha1 --no-rosegment --fatal-warnings --gc-sections --no-undefined --gc-sections CMakeFiles/cmTC_1d704.dir/CMakeCCompilerABI.c.o /home/vss_admin/Android/Sdk/ndk/25.1.8937393/toolchains/llvm/prebuilt/linux-x86_64/lib64/clang/14.0.6/lib/linux/libclang_rt.builtins-i686-android.a -l:libunwind.a -ldl -lc /home/vss_admin/Android/Sdk/ndk/25.1.8937393/toolchains/llvm/prebuilt/linux-x86_64/lib64/clang/14.0.6/lib/linux/libclang_rt.builtins-i686-android.a -l:libunwind.a -ldl /home/vss_admin/Android/Sdk/ndk/25.1.8937393/toolchains/llvm/prebuilt/linux-x86_64/sysroot/usr/lib/i686-linux-android/23/crtend_android.o]
    arg [/home/vss_admin/Android/Sdk/ndk/25.1.8937393/toolchains/llvm/prebuilt/linux-x86_64/bin/ld] ==> ignore
    arg [--sysroot=/home/vss_admin/Android/Sdk/ndk/25.1.8937393/toolchains/llvm/prebuilt/linux-x86_64/sysroot] ==> ignore
    arg [-pie] ==> ignore
    arg [--warn-shared-textrel] ==> ignore
    arg [-znow] ==> ignore
    arg [-zrelro] ==> ignore
    arg [--hash-style=gnu] ==> ignore
    arg [--enable-new-dtags] ==> ignore
    arg [--eh-frame-hdr] ==> ignore
    arg [-m] ==> ignore
    arg [elf_i386] ==> ignore
    arg [-dynamic-linker] ==> ignore
    arg [/system/bin/linker] ==> ignore
    arg [-o] ==> ignore
    arg [cmTC_1d704] ==> ignore
    arg [/home/vss_admin/Android/Sdk/ndk/25.1.8937393/toolchains/llvm/prebuilt/linux-x86_64/sysroot/usr/lib/i686-linux-android/23/crtbegin_dynamic.o] ==> obj [/home/vss_admin/Android/Sdk/ndk/25.1.8937393/toolchains/llvm/prebuilt/linux-x86_64/sysroot/usr/lib/i686-linux-android/23/crtbegin_dynamic.o]
    arg [-L/home/vss_admin/Android/Sdk/ndk/25.1.8937393/toolchains/llvm/prebuilt/linux-x86_64/lib64/clang/14.0.6/lib/linux/i386] ==> dir [/home/vss_admin/Android/Sdk/ndk/25.1.8937393/toolchains/llvm/prebuilt/linux-x86_64/lib64/clang/14.0.6/lib/linux/i386]
    arg [-L/home/vss_admin/Android/Sdk/ndk/25.1.8937393/toolchains/llvm/prebuilt/linux-x86_64/sysroot/usr/lib/i686-linux-android/23] ==> dir [/home/vss_admin/Android/Sdk/ndk/25.1.8937393/toolchains/llvm/prebuilt/linux-x86_64/sysroot/usr/lib/i686-linux-android/23]
    arg [-L/home/vss_admin/Android/Sdk/ndk/25.1.8937393/toolchains/llvm/prebuilt/linux-x86_64/sysroot/usr/lib/i686-linux-android] ==> dir [/home/vss_admin/Android/Sdk/ndk/25.1.8937393/toolchains/llvm/prebuilt/linux-x86_64/sysroot/usr/lib/i686-linux-android]
    arg [-L/home/vss_admin/Android/Sdk/ndk/25.1.8937393/toolchains/llvm/prebuilt/linux-x86_64/sysroot/usr/lib] ==> dir [/home/vss_admin/Android/Sdk/ndk/25.1.8937393/toolchains/llvm/prebuilt/linux-x86_64/sysroot/usr/lib]
    arg [--build-id=sha1] ==> ignore
    arg [--no-rosegment] ==> ignore
    arg [--fatal-warnings] ==> ignore
    arg [--gc-sections] ==> ignore
    arg [--no-undefined] ==> ignore
    arg [--gc-sections] ==> ignore
    arg [CMakeFiles/cmTC_1d704.dir/CMakeCCompilerABI.c.o] ==> ignore
    arg [/home/vss_admin/Android/Sdk/ndk/25.1.8937393/toolchains/llvm/prebuilt/linux-x86_64/lib64/clang/14.0.6/lib/linux/libclang_rt.builtins-i686-android.a] ==> lib [/home/vss_admin/Android/Sdk/ndk/25.1.8937393/toolchains/llvm/prebuilt/linux-x86_64/lib64/clang/14.0.6/lib/linux/libclang_rt.builtins-i686-android.a]
    arg [-l:libunwind.a] ==> lib [-l:libunwind.a]
    arg [-ldl] ==> lib [dl]
    arg [-lc] ==> lib [c]
    arg [/home/vss_admin/Android/Sdk/ndk/25.1.8937393/toolchains/llvm/prebuilt/linux-x86_64/lib64/clang/14.0.6/lib/linux/libclang_rt.builtins-i686-android.a] ==> lib [/home/vss_admin/Android/Sdk/ndk/25.1.8937393/toolchains/llvm/prebuilt/linux-x86_64/lib64/clang/14.0.6/lib/linux/libclang_rt.builtins-i686-android.a]
    arg [-l:libunwind.a] ==> lib [-l:libunwind.a]
    arg [-ldl] ==> lib [dl]
    arg [/home/vss_admin/Android/Sdk/ndk/25.1.8937393/toolchains/llvm/prebuilt/linux-x86_64/sysroot/usr/lib/i686-linux-android/23/crtend_android.o] ==> obj [/home/vss_admin/Android/Sdk/ndk/25.1.8937393/toolchains/llvm/prebuilt/linux-x86_64/sysroot/usr/lib/i686-linux-android/23/crtend_android.o]
  remove lib [/home/vss_admin/Android/Sdk/ndk/25.1.8937393/toolchains/llvm/prebuilt/linux-x86_64/lib64/clang/14.0.6/lib/linux/libclang_rt.builtins-i686-android.a]
  remove lib [/home/vss_admin/Android/Sdk/ndk/25.1.8937393/toolchains/llvm/prebuilt/linux-x86_64/lib64/clang/14.0.6/lib/linux/libclang_rt.builtins-i686-android.a]
  collapse library dir [/home/vss_admin/Android/Sdk/ndk/25.1.8937393/toolchains/llvm/prebuilt/linux-x86_64/lib64/clang/14.0.6/lib/linux/i386] ==> [/home/vss_admin/Android/Sdk/ndk/25.1.8937393/toolchains/llvm/prebuilt/linux-x86_64/lib64/clang/14.0.6/lib/linux/i386]
  collapse library dir [/home/vss_admin/Android/Sdk/ndk/25.1.8937393/toolchains/llvm/prebuilt/linux-x86_64/sysroot/usr/lib/i686-linux-android/23] ==> [/home/vss_admin/Android/Sdk/ndk/25.1.8937393/toolchains/llvm/prebuilt/linux-x86_64/sysroot/usr/lib/i686-linux-android/23]
  collapse library dir [/home/vss_admin/Android/Sdk/ndk/25.1.8937393/toolchains/llvm/prebuilt/linux-x86_64/sysroot/usr/lib/i686-linux-android] ==> [/home/vss_admin/Android/Sdk/ndk/25.1.8937393/toolchains/llvm/prebuilt/linux-x86_64/sysroot/usr/lib/i686-linux-android]
  collapse library dir [/home/vss_admin/Android/Sdk/ndk/25.1.8937393/toolchains/llvm/prebuilt/linux-x86_64/sysroot/usr/lib] ==> [/home/vss_admin/Android/Sdk/ndk/25.1.8937393/toolchains/llvm/prebuilt/linux-x86_64/sysroot/usr/lib]
  implicit libs: [-l:libunwind.a;dl;c;-l:libunwind.a;dl]
  implicit objs: [/home/vss_admin/Android/Sdk/ndk/25.1.8937393/toolchains/llvm/prebuilt/linux-x86_64/sysroot/usr/lib/i686-linux-android/23/crtbegin_dynamic.o;/home/vss_admin/Android/Sdk/ndk/25.1.8937393/toolchains/llvm/prebuilt/linux-x86_64/sysroot/usr/lib/i686-linux-android/23/crtend_android.o]
  implicit dirs: [/home/vss_admin/Android/Sdk/ndk/25.1.8937393/toolchains/llvm/prebuilt/linux-x86_64/lib64/clang/14.0.6/lib/linux/i386;/home/vss_admin/Android/Sdk/ndk/25.1.8937393/toolchains/llvm/prebuilt/linux-x86_64/sysroot/usr/lib/i686-linux-android/23;/home/vss_admin/Android/Sdk/ndk/25.1.8937393/toolchains/llvm/prebuilt/linux-x86_64/sysroot/usr/lib/i686-linux-android;/home/vss_admin/Android/Sdk/ndk/25.1.8937393/toolchains/llvm/prebuilt/linux-x86_64/sysroot/usr/lib]
  implicit fwks: []


Determining if the include file pthread.h exists passed with the following output:
Change Dir: /home/vss_admin/Projects/rpo_2024/libs/mbedtls/build/x86/CMakeFiles/CMakeTmp

Run Build Command(s):/usr/bin/gmake -f Makefile cmTC_68984/fast && /usr/bin/gmake  -f CMakeFiles/cmTC_68984.dir/build.make CMakeFiles/cmTC_68984.dir/build
gmake[1]: вход в каталог «/home/vss_admin/Projects/rpo_2024/libs/mbedtls/build/x86/CMakeFiles/CMakeTmp»
Building C object CMakeFiles/cmTC_68984.dir/CheckIncludeFile.c.o
/home/vss_admin/Android/Sdk/ndk/25.1.8937393/toolchains/llvm/prebuilt/linux-x86_64/bin/clang --target=i686-none-linux-android23 --sysroot=/home/vss_admin/Android/Sdk/ndk/25.1.8937393/toolchains/llvm/prebuilt/linux-x86_64/sysroot   -g -DANDROID -fdata-sections -ffunction-sections -funwind-tables -fstack-protector-strong -no-canonical-prefixes -mstackrealign -D_FORTIFY_SOURCE=2 -Wformat -Werror=format-security   -fPIE -MD -MT CMakeFiles/cmTC_68984.dir/CheckIncludeFile.c.o -MF CMakeFiles/cmTC_68984.dir/CheckIncludeFile.c.o.d -o CMakeFiles/cmTC_68984.dir/CheckIncludeFile.c.o -c /home/vss_admin/Projects/rpo_2024/libs/mbedtls/build/x86/CMakeFiles/CMakeTmp/CheckIncludeFile.c
Linking C executable cmTC_68984
/home/vss_admin/Android/Sdk/cmake/3.22.1/bin/cmake -E cmake_link_script CMakeFiles/cmTC_68984.dir/link.txt --verbose=1
/home/vss_admin/Android/Sdk/ndk/25.1.8937393/toolchains/llvm/prebuilt/linux-x86_64/bin/clang --target=i686-none-linux-android23 --sysroot=/home/vss_admin/Android/Sdk/ndk/25.1.8937393/toolchains/llvm/prebuilt/linux-x86_64/sysroot -g -DANDROID -fdata-sections -ffunction-sections -funwind-tables -fstack-protector-strong -no-canonical-prefixes -mstackrealign -D_FORTIFY_SOURCE=2 -Wformat -Werror=format-security   -static-libstdc++ -Wl,--build-id=sha1 -Wl,--no-rosegment -Wl,--fatal-warnings -Wl,--gc-sections -Wl,--no-undefined -Qunused-arguments -Wl,--gc-sections   CMakeFiles/cmTC_68984.dir/CheckIncludeFile.c.o -o cmTC_68984  -latomic -lm 
gmake[1]: выход из каталога «/home/vss_admin/Projects/rpo_2024/libs/mbedtls/build/x86/CMakeFiles/CMakeTmp»



